============================= test session starts ==============================
platform darwin -- Python 3.10.13, pytest-9.1.1, pluggy-1.6.0 -- /Users/tzar/.pyenv/versions/3.10.13/bin/python3.10
cachedir: .pytest_cache
hypothesis profile 'default' -> database=DirectoryBasedExampleDatabase(PosixPath('/Users/tzar/Desktop/Idbi/vyapar-pulse-starter/.hypothesis/examples'))
rootdir: /Users/tzar/Desktop/Idbi/vyapar-pulse-starter/backend
configfile: pytest.ini
plugins: anyio-4.12.1, hypothesis-6.124.0, cov-7.1.0, asyncio-0.25.0, Faker-40.1.2, typeguard-4.4.4, hydra-core-1.3.2
asyncio: mode=strict, asyncio_default_fixture_loop_scope=None
collecting ... collected 111 items

backend/tests/api/test_api_bankability_path.py::test_bankability_path_success FAILED [  0%]
backend/tests/api/test_api_bankability_path.py::test_bankability_path_bola_denial FAILED [  1%]
backend/tests/api/test_api_bankability_path.py::test_bankability_simulate_api FAILED [  2%]
backend/tests/api/test_api_bola.py::test_bola_system_admin_has_no_case_access PASSED [  3%]
backend/tests/api/test_api_bola.py::test_bola_rm_sees_only_assigned_cases PASSED [  4%]
backend/tests/api/test_api_bola.py::test_bola_risk_admin_sees_scoped_branch_cases PASSED [  5%]
backend/tests/api/test_api_evidence.py::test_get_gst_evidence FAILED     [  6%]
backend/tests/api/test_api_evidence.py::test_get_bank_evidence FAILED    [  7%]
backend/tests/api/test_api_evidence.py::test_get_invoice_evidence FAILED [  8%]
backend/tests/api/test_api_evidence.py::test_get_employment_evidence FAILED [  9%]
backend/tests/api/test_api_evidence.py::test_get_obligation_evidence FAILED [  9%]
backend/tests/api/test_api_evidence.py::test_get_credit_twin_no_hardcodes FAILED [ 10%]
backend/tests/api/test_api_evidence.py::test_get_reconciliation_missing_evidence FAILED [ 11%]
backend/tests/api/test_api_evidence.py::test_bola_cross_branch_denial_evidence PASSED [ 12%]
backend/tests/api/test_api_evidence.py::test_bola_system_admin_denial_evidence FAILED [ 13%]
backend/tests/api/test_api_health_ready.py::test_health_endpoint PASSED  [ 14%]
backend/tests/api/test_api_health_ready.py::test_ready_endpoint PASSED   [ 15%]
backend/tests/api/test_api_idempotency.py::test_idempotency_returns_cached_response PASSED [ 16%]
backend/tests/api/test_api_idempotency.py::test_idempotency_mismatched_payload_fails PASSED [ 17%]
backend/tests/api/test_api_idempotency.py::test_stale_case_version_returns_structured_409 PASSED [ 18%]
backend/tests/api/test_api_stress_lab.py::test_stress_lab_success ERROR  [ 18%]
backend/tests/api/test_api_stress_lab.py::test_stress_lab_bola_denial ERROR [ 19%]
backend/tests/api/test_api_stress_lab.py::test_stress_lab_unknown_obligations_not_assessable ERROR [ 20%]
backend/tests/api/test_audit.py::test_auditor_branch_isolation ERROR     [ 21%]
backend/tests/api/test_audit.py::test_rm_unassigned_case_denial ERROR    [ 22%]
backend/tests/api/test_audit.py::test_risk_admin_scope_isolation ERROR   [ 23%]
backend/tests/api/test_audit.py::test_system_admin_exclusion ERROR       [ 24%]
backend/tests/api/test_audit.py::test_audit_pagination_and_ordering ERROR [ 25%]
backend/tests/api/test_audit.py::test_audit_portfolio_exact_response_keys ERROR [ 26%]
backend/tests/api/test_auth.py::test_auth_valid_session_and_exact_keys ERROR [ 27%]
backend/tests/api/test_auth.py::test_auth_missing_session ERROR          [ 27%]
backend/tests/api/test_auth.py::test_auth_expired_session ERROR          [ 28%]
backend/tests/api/test_auth.py::test_auth_revoked_session ERROR          [ 29%]
backend/tests/api/test_auth.py::test_second_login_invalidates_first ERROR [ 30%]
backend/tests/api/test_browser_config.py::test_localhost_development_cookies_not_secure PASSED [ 31%]
backend/tests/api/test_browser_config.py::test_deployment_cookies_secure PASSED [ 32%]
backend/tests/api/test_browser_config.py::test_unsafe_deployed_configuration_rejected PASSED [ 33%]
backend/tests/api/test_browser_config.py::test_localhost_3005_is_accepted PASSED [ 34%]
backend/tests/api/test_browser_config.py::test_unapproved_origin_is_rejected PASSED [ 35%]
backend/tests/api/test_browser_config.py::test_logout_deletion_uses_matching_cookie_settings PASSED [ 36%]
backend/tests/api/test_browser_config.py::test_production_wildcard_rejected PASSED [ 36%]
backend/tests/api/test_browser_config.py::test_production_http_origin_rejected PASSED [ 37%]
backend/tests/api/test_browser_config.py::test_production_localhost_rejected PASSED [ 38%]
backend/tests/api/test_browser_config.py::test_production_https_origin_accepted PASSED [ 39%]
backend/tests/api/test_browser_config.py::test_production_origin_missing_fails PASSED [ 40%]
backend/tests/api/test_case_action_gating.py::test_ca_run_assessment_success PASSED [ 41%]
backend/tests/api/test_case_action_gating.py::test_ca_run_assessment_blocked_wrong_role PASSED [ 42%]
backend/tests/api/test_case_action_gating.py::test_ca_submit_rec_success PASSED [ 43%]
backend/tests/api/test_case_action_gating.py::test_sa_record_decision_success PASSED [ 44%]
backend/tests/api/test_cases_serialization.py::test_system_admin_denied PASSED [ 45%]
backend/tests/api/test_cases_serialization.py::test_valid_roles_can_fetch_case[CREDIT_ANALYST] PASSED [ 45%]
backend/tests/api/test_cases_serialization.py::test_valid_roles_can_fetch_case[SANCTIONING_AUTHORITY] PASSED [ 46%]
backend/tests/api/test_cases_serialization.py::test_valid_roles_can_fetch_case[RELATIONSHIP_MANAGER] PASSED [ 47%]
backend/tests/api/test_cases_serialization.py::test_valid_roles_can_fetch_case[AUDITOR] PASSED [ 48%]
backend/tests/api/test_cases_serialization.py::test_valid_roles_can_fetch_case[RISK_ADMIN] PASSED [ 49%]
backend/tests/api/test_cases_serialization.py::test_decision_package_cd_fields PASSED [ 50%]
backend/tests/api/test_cases_serialization.py::test_seal_rejects_incomplete_snapshot_without_persisting PASSED [ 51%]
backend/tests/api/test_cases_serialization.py::test_audit_verifier_reports_actual_authorization_scope PASSED [ 52%]
backend/tests/api/test_cases_serialization.py::test_command_centre_and_monitoring PASSED [ 53%]
backend/tests/api/test_dashboard_counts.py::test_dashboard_counts PASSED [ 54%]
backend/tests/api/test_demo_reset.py::test_demo_reset_disabled PASSED    [ 54%]
backend/tests/api/test_demo_reset.py::test_demo_reset_missing_csrf PASSED [ 55%]
backend/tests/api/test_demo_reset.py::test_demo_reset_wrong_token PASSED [ 56%]
backend/tests/api/test_e2e_shakti.py::test_shakti_end_to_end ERROR       [ 57%]
backend/tests/api/test_e2e_shakti.py::test_concurrent_idempotency ERROR  [ 58%]
backend/tests/api/test_evidence.py::test_evidence_envelope PASSED        [ 59%]
backend/tests/api/test_human_decision.py::test_human_decision_approve_success PASSED [ 60%]
backend/tests/api/test_human_decision.py::test_human_decision_decline PASSED [ 61%]
backend/tests/api/test_migrations.py::test_migration_upgrade_downgrade PASSED [ 62%]
backend/tests/api/test_ocen.py::test_ocen_export PASSED                  [ 63%]
backend/tests/api/test_runtime.py::test_missing_production_database_url PASSED [ 63%]
backend/tests/api/test_runtime.py::test_quoted_empty_url PASSED          [ 64%]
backend/tests/api/test_runtime.py::test_localhost_url_rejected_in_production PASSED [ 65%]
backend/tests/api/test_runtime.py::test_valid_test_dev_fallback PASSED   [ 66%]
backend/tests/api/test_runtime.py::test_health_endpoint PASSED           [ 67%]
backend/tests/api/test_runtime.py::test_database_unavailable_readiness PASSED [ 68%]
backend/tests/api/test_runtime.py::test_migration_behind_readiness PASSED [ 69%]
backend/tests/api/test_runtime.py::test_seed_missing_readiness PASSED    [ 70%]
backend/tests/api/test_runtime.py::test_fully_ready_state PASSED         [ 71%]
backend/tests/api/test_score_contribution_ledger.py::test_score_ledger_reconciliation PASSED [ 72%]
backend/tests/api/test_security.py::test_csrf_protection_on_mutations PASSED [ 72%]
backend/tests/api/test_security.py::test_vertical_escalation_system_admin_cannot_evaluate PASSED [ 73%]
backend/tests/api/test_security.py::test_horizontal_escalation_credit_analyst_cannot_sanction PASSED [ 74%]
backend/tests/api/test_security.py::test_sql_injection_resistance_login PASSED [ 75%]
backend/tests/api/test_security.py::test_auth_me PASSED                  [ 76%]
backend/tests/domain/test_bankability.py::test_compute_bankability_path_deterministic_milestones PASSED [ 77%]
backend/tests/domain/test_bankability.py::test_compute_bankability_path_already_approved PASSED [ 78%]
backend/tests/domain/test_bankability.py::test_simulate_bankability_variable PASSED [ 79%]
backend/tests/domain/test_bankability.py::test_bankability_path_does_not_fabricate_requested_amount_targets PASSED [ 80%]
backend/tests/domain/test_credit_score_reference.py::test_fhi_and_credit_score_perfect_verified_case PASSED [ 81%]
backend/tests/domain/test_credit_score_reference.py::test_fhi_and_credit_score_missing_data_abstention PASSED [ 81%]
backend/tests/domain/test_credit_score_reference.py::test_fhi_and_credit_score_intermediate_values PASSED [ 82%]
backend/tests/domain/test_credit_score_reference.py::test_missing_reconciliation_and_concentration_do_not_earn_points PASSED [ 83%]
backend/tests/domain/test_credit_score_reference.py::test_unknown_obligations_abstain_from_score PASSED [ 84%]
backend/tests/domain/test_credit_score_reference.py::test_generic_verified_without_amount_abstains PASSED [ 85%]
backend/tests/domain/test_evidence_passport.py::test_generate_evidence_passport PASSED [ 86%]
backend/tests/domain/test_evidence_passport.py::test_api_evidence_passport PASSED [ 87%]
backend/tests/domain/test_financial_capacity_reference.py::test_financial_capacity_reference_term_loan PASSED [ 88%]
backend/tests/domain/test_financial_capacity_reference.py::test_financial_capacity_reference_working_capital PASSED [ 89%]
backend/tests/domain/test_financial_capacity_reference.py::test_financial_capacity_monotonicity_under_stress PASSED [ 90%]
backend/tests/domain/test_financial_capacity_reference.py::test_financial_capacity_missing_data_abstention PASSED [ 90%]
backend/tests/domain/test_financial_capacity_reference.py::test_financial_capacity_does_not_use_unrestricted_credit_fallbacks PASSED [ 91%]
backend/tests/domain/test_policy_properties.py::test_monotonicity_higher_revenue_yields_higher_or_equal_limit PASSED [ 92%]
backend/tests/domain/test_policy_properties.py::test_decision_bounds_offers_never_exceed_binding_limit PASSED [ 93%]
backend/tests/domain/test_policy_properties.py::test_conditional_offer_when_requested_exceeds_limit PASSED [ 94%]
backend/tests/domain/test_policy_properties.py::test_scoring_engine_returns_replayable_score_metadata PASSED [ 95%]
backend/tests/domain/test_policy_properties.py::test_generate_offers_no_percentage_fallbacks PASSED [ 96%]
backend/tests/services/test_assessment_service_no_mocks.py::test_assessment_service_no_mocked_values PASSED [ 97%]
backend/tests/services/test_credit_twin.py::test_calculate_dscr_sandbox_v1 PASSED [ 98%]
backend/tests/services/test_credit_twin.py::test_get_credit_twin PASSED  [ 99%]
backend/tests/test_reset_concurrency.py::test_reset_concurrency PASSED   [100%]

==================================== ERRORS ====================================
__________________ ERROR at setup of test_stress_lab_success ___________________

self = <sqlalchemy.engine.base.Connection object at 0x1199d1780>
dialect = <sqlalchemy.dialects.postgresql.psycopg2.PGDialect_psycopg2 object at 0x112ad9420>
context = <sqlalchemy.dialects.postgresql.psycopg2.PGExecutionContext_psycopg2 object at 0x1144beb60>
statement = <sqlalchemy.dialects.postgresql.base.PGCompiler object at 0x114501ae0>
parameters = [{'id': UUID('a9a94f04-d669-42a2-b1c2-a5cdd164aad0'), 'business_id': 'SHAKTI_PRECISION_001', 'legal_name': 'Shakti Precision Components Pvt Ltd', 'sector': 'Manufacturing - Auto Ancillary', ...}]

    def _exec_single_context(
        self,
        dialect: Dialect,
        context: ExecutionContext,
        statement: Union[str, Compiled],
        parameters: Optional[_AnyMultiExecuteParams],
    ) -> CursorResult[Any]:
        """continue the _execute_context() method for a single DBAPI
        cursor.execute() or cursor.executemany() call.
    
        """
        if dialect.bind_typing is BindTyping.SETINPUTSIZES:
            generic_setinputsizes = context._prepare_set_input_sizes()
    
            if generic_setinputsizes:
                try:
                    dialect.do_set_input_sizes(
                        context.cursor, generic_setinputsizes, context
                    )
                except BaseException as e:
                    self._handle_dbapi_exception(
                        e, str(statement), parameters, None, context
                    )
    
        cursor, str_statement, parameters = (
            context.cursor,
            context.statement,
            context.parameters,
        )
    
        effective_parameters: Optional[_AnyExecuteParams]
    
        if not context.executemany:
            effective_parameters = parameters[0]
        else:
            effective_parameters = parameters
    
        if self._has_events or self.engine._has_events:
            for fn in self.dispatch.before_cursor_execute:
                str_statement, effective_parameters = fn(
                    self,
                    cursor,
                    str_statement,
                    effective_parameters,
                    context,
                    context.executemany,
                )
    
        if self._echo:
            self._log_info(str_statement)
    
            stats = context._get_cache_stats()
    
            if not self.engine.hide_parameters:
                self._log_info(
                    "[%s] %r",
                    stats,
                    sql_util._repr_params(
                        effective_parameters,
                        batches=10,
                        ismulti=context.executemany,
                    ),
                )
            else:
                self._log_info(
                    "[%s] [SQL parameters hidden due to hide_parameters=True]",
                    stats,
                )
    
        evt_handled: bool = False
        try:
            if context.execute_style is ExecuteStyle.EXECUTEMANY:
                effective_parameters = cast(
                    "_CoreMultiExecuteParams", effective_parameters
                )
                if self.dialect._has_events:
                    for fn in self.dialect.dispatch.do_executemany:
                        if fn(
                            cursor,
                            str_statement,
                            effective_parameters,
                            context,
                        ):
                            evt_handled = True
                            break
                if not evt_handled:
                    self.dialect.do_executemany(
                        cursor,
                        str_statement,
                        effective_parameters,
                        context,
                    )
            elif not effective_parameters and context.no_parameters:
                if self.dialect._has_events:
                    for fn in self.dialect.dispatch.do_execute_no_params:
                        if fn(cursor, str_statement, context):
                            evt_handled = True
                            break
                if not evt_handled:
                    self.dialect.do_execute_no_params(
                        cursor, str_statement, context
                    )
            else:
                effective_parameters = cast(
                    "_CoreSingleExecuteParams", effective_parameters
                )
                if self.dialect._has_events:
                    for fn in self.dialect.dispatch.do_execute:
                        if fn(
                            cursor,
                            str_statement,
                            effective_parameters,
                            context,
                        ):
                            evt_handled = True
                            break
                if not evt_handled:
>                   self.dialect.do_execute(
                        cursor, str_statement, effective_parameters, context
                    )

../../../.pyenv/versions/3.10.13/lib/python3.10/site-packages/sqlalchemy/engine/base.py:1967: 
_ _ _ _ _ _ _ _ _ _ _ _ _ _ _ _ _ _ _ _ _ _ _ _ _ _ _ _ _ _ _ _ _ _ _ _ _ _ _ _ 

self = <sqlalchemy.dialects.postgresql.psycopg2.PGDialect_psycopg2 object at 0x112ad9420>
cursor = <cursor object at 0x1199e84f0; closed: -1>
statement = 'INSERT INTO businesss (id, business_id, legal_name, sector, created_at, updated_at) VALUES (%(id)s::UUID, %(business_id)s, %(legal_name)s, %(sector)s, %(created_at)s, %(updated_at)s)'
parameters = {'id': UUID('a9a94f04-d669-42a2-b1c2-a5cdd164aad0'), 'business_id': 'SHAKTI_PRECISION_001', 'legal_name': 'Shakti Precision Components Pvt Ltd', 'sector': 'Manufacturing - Auto Ancillary', ...}
context = <sqlalchemy.dialects.postgresql.psycopg2.PGExecutionContext_psycopg2 object at 0x1144beb60>

    def do_execute(self, cursor, statement, parameters, context=None):
>       cursor.execute(statement, parameters)
E       psycopg2.errors.UniqueViolation: duplicate key value violates unique constraint "ix_businesss_business_id"
E       DETAIL:  Key (business_id)=(SHAKTI_PRECISION_001) already exists.

../../../.pyenv/versions/3.10.13/lib/python3.10/site-packages/sqlalchemy/engine/default.py:924: UniqueViolation

The above exception was the direct cause of the following exception:

    @pytest.fixture(scope="module", autouse=True)
    def setup_shakti_db():
        import urllib.parse
    
        db_url = os.environ.get("DATABASE_URL", str(engine.url))
        parsed_url = urllib.parse.urlparse(db_url)
        datname = parsed_url.path.lstrip("/")
        if "test" not in datname.lower():
            raise RuntimeError("Refusing to run tests against non-test database name")
    
        test_password = os.environ.get("DEMO_USER_PASSWORD", "testpassword123")
        os.environ["DEMO_USER_PASSWORD"] = test_password
    
>       seed_shakti()

backend/tests/api/test_api_stress_lab.py:25: 
_ _ _ _ _ _ _ _ _ _ _ _ _ _ _ _ _ _ _ _ _ _ _ _ _ _ _ _ _ _ _ _ _ _ _ _ _ _ _ _ 
backend/app/seed/seed_shakti.py:128: in seed_shakti
    db.flush()
../../../.pyenv/versions/3.10.13/lib/python3.10/site-packages/sqlalchemy/orm/session.py:4341: in flush
    self._flush(objects)
../../../.pyenv/versions/3.10.13/lib/python3.10/site-packages/sqlalchemy/orm/session.py:4476: in _flush
    with util.safe_reraise():
../../../.pyenv/versions/3.10.13/lib/python3.10/site-packages/sqlalchemy/util/langhelpers.py:146: in __exit__
    raise exc_value.with_traceback(exc_tb)
../../../.pyenv/versions/3.10.13/lib/python3.10/site-packages/sqlalchemy/orm/session.py:4437: in _flush
    flush_context.execute()
../../../.pyenv/versions/3.10.13/lib/python3.10/site-packages/sqlalchemy/orm/unitofwork.py:466: in execute
    rec.execute(self)
../../../.pyenv/versions/3.10.13/lib/python3.10/site-packages/sqlalchemy/orm/unitofwork.py:642: in execute
    util.preloaded.orm_persistence.save_obj(
../../../.pyenv/versions/3.10.13/lib/python3.10/site-packages/sqlalchemy/orm/persistence.py:93: in save_obj
    _emit_insert_statements(
../../../.pyenv/versions/3.10.13/lib/python3.10/site-packages/sqlalchemy/orm/persistence.py:1233: in _emit_insert_statements
    result = connection.execute(
../../../.pyenv/versions/3.10.13/lib/python3.10/site-packages/sqlalchemy/engine/base.py:1418: in execute
    return meth(
../../../.pyenv/versions/3.10.13/lib/python3.10/site-packages/sqlalchemy/sql/elements.py:515: in _execute_on_connection
    return connection._execute_clauseelement(
../../../.pyenv/versions/3.10.13/lib/python3.10/site-packages/sqlalchemy/engine/base.py:1640: in _execute_clauseelement
    ret = self._execute_context(
../../../.pyenv/versions/3.10.13/lib/python3.10/site-packages/sqlalchemy/engine/base.py:1846: in _execute_context
    return self._exec_single_context(
../../../.pyenv/versions/3.10.13/lib/python3.10/site-packages/sqlalchemy/engine/base.py:1986: in _exec_single_context
    self._handle_dbapi_exception(
../../../.pyenv/versions/3.10.13/lib/python3.10/site-packages/sqlalchemy/engine/base.py:2353: in _handle_dbapi_exception
    raise sqlalchemy_exception.with_traceback(exc_info[2]) from e
../../../.pyenv/versions/3.10.13/lib/python3.10/site-packages/sqlalchemy/engine/base.py:1967: in _exec_single_context
    self.dialect.do_execute(
_ _ _ _ _ _ _ _ _ _ _ _ _ _ _ _ _ _ _ _ _ _ _ _ _ _ _ _ _ _ _ _ _ _ _ _ _ _ _ _ 

self = <sqlalchemy.dialects.postgresql.psycopg2.PGDialect_psycopg2 object at 0x112ad9420>
cursor = <cursor object at 0x1199e84f0; closed: -1>
statement = 'INSERT INTO businesss (id, business_id, legal_name, sector, created_at, updated_at) VALUES (%(id)s::UUID, %(business_id)s, %(legal_name)s, %(sector)s, %(created_at)s, %(updated_at)s)'
parameters = {'id': UUID('a9a94f04-d669-42a2-b1c2-a5cdd164aad0'), 'business_id': 'SHAKTI_PRECISION_001', 'legal_name': 'Shakti Precision Components Pvt Ltd', 'sector': 'Manufacturing - Auto Ancillary', ...}
context = <sqlalchemy.dialects.postgresql.psycopg2.PGExecutionContext_psycopg2 object at 0x1144beb60>

    def do_execute(self, cursor, statement, parameters, context=None):
>       cursor.execute(statement, parameters)
E       sqlalchemy.exc.IntegrityError: (psycopg2.errors.UniqueViolation) duplicate key value violates unique constraint "ix_businesss_business_id"
E       DETAIL:  Key (business_id)=(SHAKTI_PRECISION_001) already exists.
E       
E       [SQL: INSERT INTO businesss (id, business_id, legal_name, sector, created_at, updated_at) VALUES (%(id)s::UUID, %(business_id)s, %(legal_name)s, %(sector)s, %(created_at)s, %(updated_at)s)]
E       [parameters: {'id': UUID('a9a94f04-d669-42a2-b1c2-a5cdd164aad0'), 'business_id': 'SHAKTI_PRECISION_001', 'legal_name': 'Shakti Precision Components Pvt Ltd', 'sector': 'Manufacturing - Auto Ancillary', 'created_at': datetime.datetime(2026, 7, 13, 18, 47, 31, 772831, tzinfo=datetime.timezone.utc), 'updated_at': datetime.datetime(2026, 7, 13, 18, 47, 31, 772840, tzinfo=datetime.timezone.utc)}]
E       (Background on this error at: https://sqlalche.me/e/20/gkpj)

../../../.pyenv/versions/3.10.13/lib/python3.10/site-packages/sqlalchemy/engine/default.py:924: IntegrityError
________________ ERROR at setup of test_stress_lab_bola_denial _________________

self = <sqlalchemy.engine.base.Connection object at 0x1199d1780>
dialect = <sqlalchemy.dialects.postgresql.psycopg2.PGDialect_psycopg2 object at 0x112ad9420>
context = <sqlalchemy.dialects.postgresql.psycopg2.PGExecutionContext_psycopg2 object at 0x1144beb60>
statement = <sqlalchemy.dialects.postgresql.base.PGCompiler object at 0x114501ae0>
parameters = [{'id': UUID('a9a94f04-d669-42a2-b1c2-a5cdd164aad0'), 'business_id': 'SHAKTI_PRECISION_001', 'legal_name': 'Shakti Precision Components Pvt Ltd', 'sector': 'Manufacturing - Auto Ancillary', ...}]

    def _exec_single_context(
        self,
        dialect: Dialect,
        context: ExecutionContext,
        statement: Union[str, Compiled],
        parameters: Optional[_AnyMultiExecuteParams],
    ) -> CursorResult[Any]:
        """continue the _execute_context() method for a single DBAPI
        cursor.execute() or cursor.executemany() call.
    
        """
        if dialect.bind_typing is BindTyping.SETINPUTSIZES:
            generic_setinputsizes = context._prepare_set_input_sizes()
    
            if generic_setinputsizes:
                try:
                    dialect.do_set_input_sizes(
                        context.cursor, generic_setinputsizes, context
                    )
                except BaseException as e:
                    self._handle_dbapi_exception(
                        e, str(statement), parameters, None, context
                    )
    
        cursor, str_statement, parameters = (
            context.cursor,
            context.statement,
            context.parameters,
        )
    
        effective_parameters: Optional[_AnyExecuteParams]
    
        if not context.executemany:
            effective_parameters = parameters[0]
        else:
            effective_parameters = parameters
    
        if self._has_events or self.engine._has_events:
            for fn in self.dispatch.before_cursor_execute:
                str_statement, effective_parameters = fn(
                    self,
                    cursor,
                    str_statement,
                    effective_parameters,
                    context,
                    context.executemany,
                )
    
        if self._echo:
            self._log_info(str_statement)
    
            stats = context._get_cache_stats()
    
            if not self.engine.hide_parameters:
                self._log_info(
                    "[%s] %r",
                    stats,
                    sql_util._repr_params(
                        effective_parameters,
                        batches=10,
                        ismulti=context.executemany,
                    ),
                )
            else:
                self._log_info(
                    "[%s] [SQL parameters hidden due to hide_parameters=True]",
                    stats,
                )
    
        evt_handled: bool = False
        try:
            if context.execute_style is ExecuteStyle.EXECUTEMANY:
                effective_parameters = cast(
                    "_CoreMultiExecuteParams", effective_parameters
                )
                if self.dialect._has_events:
                    for fn in self.dialect.dispatch.do_executemany:
                        if fn(
                            cursor,
                            str_statement,
                            effective_parameters,
                            context,
                        ):
                            evt_handled = True
                            break
                if not evt_handled:
                    self.dialect.do_executemany(
                        cursor,
                        str_statement,
                        effective_parameters,
                        context,
                    )
            elif not effective_parameters and context.no_parameters:
                if self.dialect._has_events:
                    for fn in self.dialect.dispatch.do_execute_no_params:
                        if fn(cursor, str_statement, context):
                            evt_handled = True
                            break
                if not evt_handled:
                    self.dialect.do_execute_no_params(
                        cursor, str_statement, context
                    )
            else:
                effective_parameters = cast(
                    "_CoreSingleExecuteParams", effective_parameters
                )
                if self.dialect._has_events:
                    for fn in self.dialect.dispatch.do_execute:
                        if fn(
                            cursor,
                            str_statement,
                            effective_parameters,
                            context,
                        ):
                            evt_handled = True
                            break
                if not evt_handled:
>                   self.dialect.do_execute(
                        cursor, str_statement, effective_parameters, context
                    )

../../../.pyenv/versions/3.10.13/lib/python3.10/site-packages/sqlalchemy/engine/base.py:1967: 
_ _ _ _ _ _ _ _ _ _ _ _ _ _ _ _ _ _ _ _ _ _ _ _ _ _ _ _ _ _ _ _ _ _ _ _ _ _ _ _ 

self = <sqlalchemy.dialects.postgresql.psycopg2.PGDialect_psycopg2 object at 0x112ad9420>
cursor = <cursor object at 0x1199e84f0; closed: -1>
statement = 'INSERT INTO businesss (id, business_id, legal_name, sector, created_at, updated_at) VALUES (%(id)s::UUID, %(business_id)s, %(legal_name)s, %(sector)s, %(created_at)s, %(updated_at)s)'
parameters = {'id': UUID('a9a94f04-d669-42a2-b1c2-a5cdd164aad0'), 'business_id': 'SHAKTI_PRECISION_001', 'legal_name': 'Shakti Precision Components Pvt Ltd', 'sector': 'Manufacturing - Auto Ancillary', ...}
context = <sqlalchemy.dialects.postgresql.psycopg2.PGExecutionContext_psycopg2 object at 0x1144beb60>

    def do_execute(self, cursor, statement, parameters, context=None):
>       cursor.execute(statement, parameters)
E       psycopg2.errors.UniqueViolation: duplicate key value violates unique constraint "ix_businesss_business_id"
E       DETAIL:  Key (business_id)=(SHAKTI_PRECISION_001) already exists.

../../../.pyenv/versions/3.10.13/lib/python3.10/site-packages/sqlalchemy/engine/default.py:924: UniqueViolation

The above exception was the direct cause of the following exception:

    @pytest.fixture(scope="module", autouse=True)
    def setup_shakti_db():
        import urllib.parse
    
        db_url = os.environ.get("DATABASE_URL", str(engine.url))
        parsed_url = urllib.parse.urlparse(db_url)
        datname = parsed_url.path.lstrip("/")
        if "test" not in datname.lower():
            raise RuntimeError("Refusing to run tests against non-test database name")
    
        test_password = os.environ.get("DEMO_USER_PASSWORD", "testpassword123")
        os.environ["DEMO_USER_PASSWORD"] = test_password
    
>       seed_shakti()

backend/tests/api/test_api_stress_lab.py:25: 
_ _ _ _ _ _ _ _ _ _ _ _ _ _ _ _ _ _ _ _ _ _ _ _ _ _ _ _ _ _ _ _ _ _ _ _ _ _ _ _ 
backend/app/seed/seed_shakti.py:128: in seed_shakti
    db.flush()
../../../.pyenv/versions/3.10.13/lib/python3.10/site-packages/sqlalchemy/orm/session.py:4341: in flush
    self._flush(objects)
../../../.pyenv/versions/3.10.13/lib/python3.10/site-packages/sqlalchemy/orm/session.py:4476: in _flush
    with util.safe_reraise():
../../../.pyenv/versions/3.10.13/lib/python3.10/site-packages/sqlalchemy/util/langhelpers.py:146: in __exit__
    raise exc_value.with_traceback(exc_tb)
../../../.pyenv/versions/3.10.13/lib/python3.10/site-packages/sqlalchemy/orm/session.py:4437: in _flush
    flush_context.execute()
../../../.pyenv/versions/3.10.13/lib/python3.10/site-packages/sqlalchemy/orm/unitofwork.py:466: in execute
    rec.execute(self)
../../../.pyenv/versions/3.10.13/lib/python3.10/site-packages/sqlalchemy/orm/unitofwork.py:642: in execute
    util.preloaded.orm_persistence.save_obj(
../../../.pyenv/versions/3.10.13/lib/python3.10/site-packages/sqlalchemy/orm/persistence.py:93: in save_obj
    _emit_insert_statements(
../../../.pyenv/versions/3.10.13/lib/python3.10/site-packages/sqlalchemy/orm/persistence.py:1233: in _emit_insert_statements
    result = connection.execute(
../../../.pyenv/versions/3.10.13/lib/python3.10/site-packages/sqlalchemy/engine/base.py:1418: in execute
    return meth(
../../../.pyenv/versions/3.10.13/lib/python3.10/site-packages/sqlalchemy/sql/elements.py:515: in _execute_on_connection
    return connection._execute_clauseelement(
../../../.pyenv/versions/3.10.13/lib/python3.10/site-packages/sqlalchemy/engine/base.py:1640: in _execute_clauseelement
    ret = self._execute_context(
../../../.pyenv/versions/3.10.13/lib/python3.10/site-packages/sqlalchemy/engine/base.py:1846: in _execute_context
    return self._exec_single_context(
../../../.pyenv/versions/3.10.13/lib/python3.10/site-packages/sqlalchemy/engine/base.py:1986: in _exec_single_context
    self._handle_dbapi_exception(
../../../.pyenv/versions/3.10.13/lib/python3.10/site-packages/sqlalchemy/engine/base.py:2353: in _handle_dbapi_exception
    raise sqlalchemy_exception.with_traceback(exc_info[2]) from e
../../../.pyenv/versions/3.10.13/lib/python3.10/site-packages/sqlalchemy/engine/base.py:1967: in _exec_single_context
    self.dialect.do_execute(
_ _ _ _ _ _ _ _ _ _ _ _ _ _ _ _ _ _ _ _ _ _ _ _ _ _ _ _ _ _ _ _ _ _ _ _ _ _ _ _ 

self = <sqlalchemy.dialects.postgresql.psycopg2.PGDialect_psycopg2 object at 0x112ad9420>
cursor = <cursor object at 0x1199e84f0; closed: -1>
statement = 'INSERT INTO businesss (id, business_id, legal_name, sector, created_at, updated_at) VALUES (%(id)s::UUID, %(business_id)s, %(legal_name)s, %(sector)s, %(created_at)s, %(updated_at)s)'
parameters = {'id': UUID('a9a94f04-d669-42a2-b1c2-a5cdd164aad0'), 'business_id': 'SHAKTI_PRECISION_001', 'legal_name': 'Shakti Precision Components Pvt Ltd', 'sector': 'Manufacturing - Auto Ancillary', ...}
context = <sqlalchemy.dialects.postgresql.psycopg2.PGExecutionContext_psycopg2 object at 0x1144beb60>

    def do_execute(self, cursor, statement, parameters, context=None):
>       cursor.execute(statement, parameters)
E       sqlalchemy.exc.IntegrityError: (psycopg2.errors.UniqueViolation) duplicate key value violates unique constraint "ix_businesss_business_id"
E       DETAIL:  Key (business_id)=(SHAKTI_PRECISION_001) already exists.
E       
E       [SQL: INSERT INTO businesss (id, business_id, legal_name, sector, created_at, updated_at) VALUES (%(id)s::UUID, %(business_id)s, %(legal_name)s, %(sector)s, %(created_at)s, %(updated_at)s)]
E       [parameters: {'id': UUID('a9a94f04-d669-42a2-b1c2-a5cdd164aad0'), 'business_id': 'SHAKTI_PRECISION_001', 'legal_name': 'Shakti Precision Components Pvt Ltd', 'sector': 'Manufacturing - Auto Ancillary', 'created_at': datetime.datetime(2026, 7, 13, 18, 47, 31, 772831, tzinfo=datetime.timezone.utc), 'updated_at': datetime.datetime(2026, 7, 13, 18, 47, 31, 772840, tzinfo=datetime.timezone.utc)}]
E       (Background on this error at: https://sqlalche.me/e/20/gkpj)

../../../.pyenv/versions/3.10.13/lib/python3.10/site-packages/sqlalchemy/engine/default.py:924: IntegrityError
_____ ERROR at setup of test_stress_lab_unknown_obligations_not_assessable _____

self = <sqlalchemy.engine.base.Connection object at 0x1199d1780>
dialect = <sqlalchemy.dialects.postgresql.psycopg2.PGDialect_psycopg2 object at 0x112ad9420>
context = <sqlalchemy.dialects.postgresql.psycopg2.PGExecutionContext_psycopg2 object at 0x1144beb60>
statement = <sqlalchemy.dialects.postgresql.base.PGCompiler object at 0x114501ae0>
parameters = [{'id': UUID('a9a94f04-d669-42a2-b1c2-a5cdd164aad0'), 'business_id': 'SHAKTI_PRECISION_001', 'legal_name': 'Shakti Precision Components Pvt Ltd', 'sector': 'Manufacturing - Auto Ancillary', ...}]

    def _exec_single_context(
        self,
        dialect: Dialect,
        context: ExecutionContext,
        statement: Union[str, Compiled],
        parameters: Optional[_AnyMultiExecuteParams],
    ) -> CursorResult[Any]:
        """continue the _execute_context() method for a single DBAPI
        cursor.execute() or cursor.executemany() call.
    
        """
        if dialect.bind_typing is BindTyping.SETINPUTSIZES:
            generic_setinputsizes = context._prepare_set_input_sizes()
    
            if generic_setinputsizes:
                try:
                    dialect.do_set_input_sizes(
                        context.cursor, generic_setinputsizes, context
                    )
                except BaseException as e:
                    self._handle_dbapi_exception(
                        e, str(statement), parameters, None, context
                    )
    
        cursor, str_statement, parameters = (
            context.cursor,
            context.statement,
            context.parameters,
        )
    
        effective_parameters: Optional[_AnyExecuteParams]
    
        if not context.executemany:
            effective_parameters = parameters[0]
        else:
            effective_parameters = parameters
    
        if self._has_events or self.engine._has_events:
            for fn in self.dispatch.before_cursor_execute:
                str_statement, effective_parameters = fn(
                    self,
                    cursor,
                    str_statement,
                    effective_parameters,
                    context,
                    context.executemany,
                )
    
        if self._echo:
            self._log_info(str_statement)
    
            stats = context._get_cache_stats()
    
            if not self.engine.hide_parameters:
                self._log_info(
                    "[%s] %r",
                    stats,
                    sql_util._repr_params(
                        effective_parameters,
                        batches=10,
                        ismulti=context.executemany,
                    ),
                )
            else:
                self._log_info(
                    "[%s] [SQL parameters hidden due to hide_parameters=True]",
                    stats,
                )
    
        evt_handled: bool = False
        try:
            if context.execute_style is ExecuteStyle.EXECUTEMANY:
                effective_parameters = cast(
                    "_CoreMultiExecuteParams", effective_parameters
                )
                if self.dialect._has_events:
                    for fn in self.dialect.dispatch.do_executemany:
                        if fn(
                            cursor,
                            str_statement,
                            effective_parameters,
                            context,
                        ):
                            evt_handled = True
                            break
                if not evt_handled:
                    self.dialect.do_executemany(
                        cursor,
                        str_statement,
                        effective_parameters,
                        context,
                    )
            elif not effective_parameters and context.no_parameters:
                if self.dialect._has_events:
                    for fn in self.dialect.dispatch.do_execute_no_params:
                        if fn(cursor, str_statement, context):
                            evt_handled = True
                            break
                if not evt_handled:
                    self.dialect.do_execute_no_params(
                        cursor, str_statement, context
                    )
            else:
                effective_parameters = cast(
                    "_CoreSingleExecuteParams", effective_parameters
                )
                if self.dialect._has_events:
                    for fn in self.dialect.dispatch.do_execute:
                        if fn(
                            cursor,
                            str_statement,
                            effective_parameters,
                            context,
                        ):
                            evt_handled = True
                            break
                if not evt_handled:
>                   self.dialect.do_execute(
                        cursor, str_statement, effective_parameters, context
                    )

../../../.pyenv/versions/3.10.13/lib/python3.10/site-packages/sqlalchemy/engine/base.py:1967: 
_ _ _ _ _ _ _ _ _ _ _ _ _ _ _ _ _ _ _ _ _ _ _ _ _ _ _ _ _ _ _ _ _ _ _ _ _ _ _ _ 

self = <sqlalchemy.dialects.postgresql.psycopg2.PGDialect_psycopg2 object at 0x112ad9420>
cursor = <cursor object at 0x1199e84f0; closed: -1>
statement = 'INSERT INTO businesss (id, business_id, legal_name, sector, created_at, updated_at) VALUES (%(id)s::UUID, %(business_id)s, %(legal_name)s, %(sector)s, %(created_at)s, %(updated_at)s)'
parameters = {'id': UUID('a9a94f04-d669-42a2-b1c2-a5cdd164aad0'), 'business_id': 'SHAKTI_PRECISION_001', 'legal_name': 'Shakti Precision Components Pvt Ltd', 'sector': 'Manufacturing - Auto Ancillary', ...}
context = <sqlalchemy.dialects.postgresql.psycopg2.PGExecutionContext_psycopg2 object at 0x1144beb60>

    def do_execute(self, cursor, statement, parameters, context=None):
>       cursor.execute(statement, parameters)
E       psycopg2.errors.UniqueViolation: duplicate key value violates unique constraint "ix_businesss_business_id"
E       DETAIL:  Key (business_id)=(SHAKTI_PRECISION_001) already exists.

../../../.pyenv/versions/3.10.13/lib/python3.10/site-packages/sqlalchemy/engine/default.py:924: UniqueViolation

The above exception was the direct cause of the following exception:

    @pytest.fixture(scope="module", autouse=True)
    def setup_shakti_db():
        import urllib.parse
    
        db_url = os.environ.get("DATABASE_URL", str(engine.url))
        parsed_url = urllib.parse.urlparse(db_url)
        datname = parsed_url.path.lstrip("/")
        if "test" not in datname.lower():
            raise RuntimeError("Refusing to run tests against non-test database name")
    
        test_password = os.environ.get("DEMO_USER_PASSWORD", "testpassword123")
        os.environ["DEMO_USER_PASSWORD"] = test_password
    
>       seed_shakti()

backend/tests/api/test_api_stress_lab.py:25: 
_ _ _ _ _ _ _ _ _ _ _ _ _ _ _ _ _ _ _ _ _ _ _ _ _ _ _ _ _ _ _ _ _ _ _ _ _ _ _ _ 
backend/app/seed/seed_shakti.py:128: in seed_shakti
    db.flush()
../../../.pyenv/versions/3.10.13/lib/python3.10/site-packages/sqlalchemy/orm/session.py:4341: in flush
    self._flush(objects)
../../../.pyenv/versions/3.10.13/lib/python3.10/site-packages/sqlalchemy/orm/session.py:4476: in _flush
    with util.safe_reraise():
../../../.pyenv/versions/3.10.13/lib/python3.10/site-packages/sqlalchemy/util/langhelpers.py:146: in __exit__
    raise exc_value.with_traceback(exc_tb)
../../../.pyenv/versions/3.10.13/lib/python3.10/site-packages/sqlalchemy/orm/session.py:4437: in _flush
    flush_context.execute()
../../../.pyenv/versions/3.10.13/lib/python3.10/site-packages/sqlalchemy/orm/unitofwork.py:466: in execute
    rec.execute(self)
../../../.pyenv/versions/3.10.13/lib/python3.10/site-packages/sqlalchemy/orm/unitofwork.py:642: in execute
    util.preloaded.orm_persistence.save_obj(
../../../.pyenv/versions/3.10.13/lib/python3.10/site-packages/sqlalchemy/orm/persistence.py:93: in save_obj
    _emit_insert_statements(
../../../.pyenv/versions/3.10.13/lib/python3.10/site-packages/sqlalchemy/orm/persistence.py:1233: in _emit_insert_statements
    result = connection.execute(
../../../.pyenv/versions/3.10.13/lib/python3.10/site-packages/sqlalchemy/engine/base.py:1418: in execute
    return meth(
../../../.pyenv/versions/3.10.13/lib/python3.10/site-packages/sqlalchemy/sql/elements.py:515: in _execute_on_connection
    return connection._execute_clauseelement(
../../../.pyenv/versions/3.10.13/lib/python3.10/site-packages/sqlalchemy/engine/base.py:1640: in _execute_clauseelement
    ret = self._execute_context(
../../../.pyenv/versions/3.10.13/lib/python3.10/site-packages/sqlalchemy/engine/base.py:1846: in _execute_context
    return self._exec_single_context(
../../../.pyenv/versions/3.10.13/lib/python3.10/site-packages/sqlalchemy/engine/base.py:1986: in _exec_single_context
    self._handle_dbapi_exception(
../../../.pyenv/versions/3.10.13/lib/python3.10/site-packages/sqlalchemy/engine/base.py:2353: in _handle_dbapi_exception
    raise sqlalchemy_exception.with_traceback(exc_info[2]) from e
../../../.pyenv/versions/3.10.13/lib/python3.10/site-packages/sqlalchemy/engine/base.py:1967: in _exec_single_context
    self.dialect.do_execute(
_ _ _ _ _ _ _ _ _ _ _ _ _ _ _ _ _ _ _ _ _ _ _ _ _ _ _ _ _ _ _ _ _ _ _ _ _ _ _ _ 

self = <sqlalchemy.dialects.postgresql.psycopg2.PGDialect_psycopg2 object at 0x112ad9420>
cursor = <cursor object at 0x1199e84f0; closed: -1>
statement = 'INSERT INTO businesss (id, business_id, legal_name, sector, created_at, updated_at) VALUES (%(id)s::UUID, %(business_id)s, %(legal_name)s, %(sector)s, %(created_at)s, %(updated_at)s)'
parameters = {'id': UUID('a9a94f04-d669-42a2-b1c2-a5cdd164aad0'), 'business_id': 'SHAKTI_PRECISION_001', 'legal_name': 'Shakti Precision Components Pvt Ltd', 'sector': 'Manufacturing - Auto Ancillary', ...}
context = <sqlalchemy.dialects.postgresql.psycopg2.PGExecutionContext_psycopg2 object at 0x1144beb60>

    def do_execute(self, cursor, statement, parameters, context=None):
>       cursor.execute(statement, parameters)
E       sqlalchemy.exc.IntegrityError: (psycopg2.errors.UniqueViolation) duplicate key value violates unique constraint "ix_businesss_business_id"
E       DETAIL:  Key (business_id)=(SHAKTI_PRECISION_001) already exists.
E       
E       [SQL: INSERT INTO businesss (id, business_id, legal_name, sector, created_at, updated_at) VALUES (%(id)s::UUID, %(business_id)s, %(legal_name)s, %(sector)s, %(created_at)s, %(updated_at)s)]
E       [parameters: {'id': UUID('a9a94f04-d669-42a2-b1c2-a5cdd164aad0'), 'business_id': 'SHAKTI_PRECISION_001', 'legal_name': 'Shakti Precision Components Pvt Ltd', 'sector': 'Manufacturing - Auto Ancillary', 'created_at': datetime.datetime(2026, 7, 13, 18, 47, 31, 772831, tzinfo=datetime.timezone.utc), 'updated_at': datetime.datetime(2026, 7, 13, 18, 47, 31, 772840, tzinfo=datetime.timezone.utc)}]
E       (Background on this error at: https://sqlalche.me/e/20/gkpj)

../../../.pyenv/versions/3.10.13/lib/python3.10/site-packages/sqlalchemy/engine/default.py:924: IntegrityError
_______________ ERROR at setup of test_auditor_branch_isolation ________________

self = <sqlalchemy.engine.base.Connection object at 0x11a680160>
dialect = <sqlalchemy.dialects.postgresql.psycopg2.PGDialect_psycopg2 object at 0x112ad9420>
context = <sqlalchemy.dialects.postgresql.psycopg2.PGExecutionContext_psycopg2 object at 0x11a680af0>
statement = <sqlalchemy.dialects.postgresql.base.PGCompiler object at 0x11441abc0>
parameters = [{'business_id_1': 'SHAKTI_PRECISION_001', 'param_1': 1}]

    def _exec_single_context(
        self,
        dialect: Dialect,
        context: ExecutionContext,
        statement: Union[str, Compiled],
        parameters: Optional[_AnyMultiExecuteParams],
    ) -> CursorResult[Any]:
        """continue the _execute_context() method for a single DBAPI
        cursor.execute() or cursor.executemany() call.
    
        """
        if dialect.bind_typing is BindTyping.SETINPUTSIZES:
            generic_setinputsizes = context._prepare_set_input_sizes()
    
            if generic_setinputsizes:
                try:
                    dialect.do_set_input_sizes(
                        context.cursor, generic_setinputsizes, context
                    )
                except BaseException as e:
                    self._handle_dbapi_exception(
                        e, str(statement), parameters, None, context
                    )
    
        cursor, str_statement, parameters = (
            context.cursor,
            context.statement,
            context.parameters,
        )
    
        effective_parameters: Optional[_AnyExecuteParams]
    
        if not context.executemany:
            effective_parameters = parameters[0]
        else:
            effective_parameters = parameters
    
        if self._has_events or self.engine._has_events:
            for fn in self.dispatch.before_cursor_execute:
                str_statement, effective_parameters = fn(
                    self,
                    cursor,
                    str_statement,
                    effective_parameters,
                    context,
                    context.executemany,
                )
    
        if self._echo:
            self._log_info(str_statement)
    
            stats = context._get_cache_stats()
    
            if not self.engine.hide_parameters:
                self._log_info(
                    "[%s] %r",
                    stats,
                    sql_util._repr_params(
                        effective_parameters,
                        batches=10,
                        ismulti=context.executemany,
                    ),
                )
            else:
                self._log_info(
                    "[%s] [SQL parameters hidden due to hide_parameters=True]",
                    stats,
                )
    
        evt_handled: bool = False
        try:
            if context.execute_style is ExecuteStyle.EXECUTEMANY:
                effective_parameters = cast(
                    "_CoreMultiExecuteParams", effective_parameters
                )
                if self.dialect._has_events:
                    for fn in self.dialect.dispatch.do_executemany:
                        if fn(
                            cursor,
                            str_statement,
                            effective_parameters,
                            context,
                        ):
                            evt_handled = True
                            break
                if not evt_handled:
                    self.dialect.do_executemany(
                        cursor,
                        str_statement,
                        effective_parameters,
                        context,
                    )
            elif not effective_parameters and context.no_parameters:
                if self.dialect._has_events:
                    for fn in self.dialect.dispatch.do_execute_no_params:
                        if fn(cursor, str_statement, context):
                            evt_handled = True
                            break
                if not evt_handled:
                    self.dialect.do_execute_no_params(
                        cursor, str_statement, context
                    )
            else:
                effective_parameters = cast(
                    "_CoreSingleExecuteParams", effective_parameters
                )
                if self.dialect._has_events:
                    for fn in self.dialect.dispatch.do_execute:
                        if fn(
                            cursor,
                            str_statement,
                            effective_parameters,
                            context,
                        ):
                            evt_handled = True
                            break
                if not evt_handled:
>                   self.dialect.do_execute(
                        cursor, str_statement, effective_parameters, context
                    )

../../../.pyenv/versions/3.10.13/lib/python3.10/site-packages/sqlalchemy/engine/base.py:1967: 
_ _ _ _ _ _ _ _ _ _ _ _ _ _ _ _ _ _ _ _ _ _ _ _ _ _ _ _ _ _ _ _ _ _ _ _ _ _ _ _ 

self = <sqlalchemy.dialects.postgresql.psycopg2.PGDialect_psycopg2 object at 0x112ad9420>
cursor = <cursor object at 0x1199e9030; closed: -1>
statement = 'SELECT businesss.id AS businesss_id, businesss.business_id AS businesss_business_id, businesss.legal_name AS business...ted_at AS businesss_updated_at \nFROM businesss \nWHERE businesss.business_id = %(business_id_1)s \n LIMIT %(param_1)s'
parameters = {'business_id_1': 'SHAKTI_PRECISION_001', 'param_1': 1}
context = <sqlalchemy.dialects.postgresql.psycopg2.PGExecutionContext_psycopg2 object at 0x11a680af0>

    def do_execute(self, cursor, statement, parameters, context=None):
>       cursor.execute(statement, parameters)
E       psycopg2.errors.UndefinedTable: relation "businesss" does not exist
E       LINE 2: FROM businesss 
E                    ^

../../../.pyenv/versions/3.10.13/lib/python3.10/site-packages/sqlalchemy/engine/default.py:924: UndefinedTable

The above exception was the direct cause of the following exception:

    @pytest.fixture(scope="module", autouse=True)
    def setup_shakti_data():
        import urllib.parse
    
        db_url = os.environ.get("DATABASE_URL", str(engine.url))
        parsed_url = urllib.parse.urlparse(db_url)
        datname = parsed_url.path.lstrip("/")
        if "test" not in datname.lower():
            raise RuntimeError(
                f"Refusing to run tests against non-test database name: '{datname}'"
            )
        if os.environ.get("APP_ENV") == "production":
            raise RuntimeError("Refusing to run tests in production environment")
    
        # The password is provided via conftest.py
>       seed_shakti()

backend/tests/api/test_audit.py:34: 
_ _ _ _ _ _ _ _ _ _ _ _ _ _ _ _ _ _ _ _ _ _ _ _ _ _ _ _ _ _ _ _ _ _ _ _ _ _ _ _ 
backend/app/seed/seed_shakti.py:47: in seed_shakti
    .first()
../../../.pyenv/versions/3.10.13/lib/python3.10/site-packages/sqlalchemy/orm/query.py:2728: in first
    return self.limit(1)._iter().first()  # type: ignore
../../../.pyenv/versions/3.10.13/lib/python3.10/site-packages/sqlalchemy/orm/query.py:2827: in _iter
    result: Union[ScalarResult[_T], Result[_T]] = self.session.execute(
../../../.pyenv/versions/3.10.13/lib/python3.10/site-packages/sqlalchemy/orm/session.py:2351: in execute
    return self._execute_internal(
../../../.pyenv/versions/3.10.13/lib/python3.10/site-packages/sqlalchemy/orm/session.py:2236: in _execute_internal
    result: Result[Any] = compile_state_cls.orm_execute_statement(
../../../.pyenv/versions/3.10.13/lib/python3.10/site-packages/sqlalchemy/orm/context.py:293: in orm_execute_statement
    result = conn.execute(
../../../.pyenv/versions/3.10.13/lib/python3.10/site-packages/sqlalchemy/engine/base.py:1418: in execute
    return meth(
../../../.pyenv/versions/3.10.13/lib/python3.10/site-packages/sqlalchemy/sql/elements.py:515: in _execute_on_connection
    return connection._execute_clauseelement(
../../../.pyenv/versions/3.10.13/lib/python3.10/site-packages/sqlalchemy/engine/base.py:1640: in _execute_clauseelement
    ret = self._execute_context(
../../../.pyenv/versions/3.10.13/lib/python3.10/site-packages/sqlalchemy/engine/base.py:1846: in _execute_context
    return self._exec_single_context(
../../../.pyenv/versions/3.10.13/lib/python3.10/site-packages/sqlalchemy/engine/base.py:1986: in _exec_single_context
    self._handle_dbapi_exception(
../../../.pyenv/versions/3.10.13/lib/python3.10/site-packages/sqlalchemy/engine/base.py:2353: in _handle_dbapi_exception
    raise sqlalchemy_exception.with_traceback(exc_info[2]) from e
../../../.pyenv/versions/3.10.13/lib/python3.10/site-packages/sqlalchemy/engine/base.py:1967: in _exec_single_context
    self.dialect.do_execute(
_ _ _ _ _ _ _ _ _ _ _ _ _ _ _ _ _ _ _ _ _ _ _ _ _ _ _ _ _ _ _ _ _ _ _ _ _ _ _ _ 

self = <sqlalchemy.dialects.postgresql.psycopg2.PGDialect_psycopg2 object at 0x112ad9420>
cursor = <cursor object at 0x1199e9030; closed: -1>
statement = 'SELECT businesss.id AS businesss_id, businesss.business_id AS businesss_business_id, businesss.legal_name AS business...ted_at AS businesss_updated_at \nFROM businesss \nWHERE businesss.business_id = %(business_id_1)s \n LIMIT %(param_1)s'
parameters = {'business_id_1': 'SHAKTI_PRECISION_001', 'param_1': 1}
context = <sqlalchemy.dialects.postgresql.psycopg2.PGExecutionContext_psycopg2 object at 0x11a680af0>

    def do_execute(self, cursor, statement, parameters, context=None):
>       cursor.execute(statement, parameters)
E       sqlalchemy.exc.ProgrammingError: (psycopg2.errors.UndefinedTable) relation "businesss" does not exist
E       LINE 2: FROM businesss 
E                    ^
E       
E       [SQL: SELECT businesss.id AS businesss_id, businesss.business_id AS businesss_business_id, businesss.legal_name AS businesss_legal_name, businesss.sector AS businesss_sector, businesss.created_at AS businesss_created_at, businesss.updated_at AS businesss_updated_at 
E       FROM businesss 
E       WHERE businesss.business_id = %(business_id_1)s 
E        LIMIT %(param_1)s]
E       [parameters: {'business_id_1': 'SHAKTI_PRECISION_001', 'param_1': 1}]
E       (Background on this error at: https://sqlalche.me/e/20/f405)

../../../.pyenv/versions/3.10.13/lib/python3.10/site-packages/sqlalchemy/engine/default.py:924: ProgrammingError
_______________ ERROR at setup of test_rm_unassigned_case_denial _______________

self = <sqlalchemy.engine.base.Connection object at 0x11a680160>
dialect = <sqlalchemy.dialects.postgresql.psycopg2.PGDialect_psycopg2 object at 0x112ad9420>
context = <sqlalchemy.dialects.postgresql.psycopg2.PGExecutionContext_psycopg2 object at 0x11a680af0>
statement = <sqlalchemy.dialects.postgresql.base.PGCompiler object at 0x11441abc0>
parameters = [{'business_id_1': 'SHAKTI_PRECISION_001', 'param_1': 1}]

    def _exec_single_context(
        self,
        dialect: Dialect,
        context: ExecutionContext,
        statement: Union[str, Compiled],
        parameters: Optional[_AnyMultiExecuteParams],
    ) -> CursorResult[Any]:
        """continue the _execute_context() method for a single DBAPI
        cursor.execute() or cursor.executemany() call.
    
        """
        if dialect.bind_typing is BindTyping.SETINPUTSIZES:
            generic_setinputsizes = context._prepare_set_input_sizes()
    
            if generic_setinputsizes:
                try:
                    dialect.do_set_input_sizes(
                        context.cursor, generic_setinputsizes, context
                    )
                except BaseException as e:
                    self._handle_dbapi_exception(
                        e, str(statement), parameters, None, context
                    )
    
        cursor, str_statement, parameters = (
            context.cursor,
            context.statement,
            context.parameters,
        )
    
        effective_parameters: Optional[_AnyExecuteParams]
    
        if not context.executemany:
            effective_parameters = parameters[0]
        else:
            effective_parameters = parameters
    
        if self._has_events or self.engine._has_events:
            for fn in self.dispatch.before_cursor_execute:
                str_statement, effective_parameters = fn(
                    self,
                    cursor,
                    str_statement,
                    effective_parameters,
                    context,
                    context.executemany,
                )
    
        if self._echo:
            self._log_info(str_statement)
    
            stats = context._get_cache_stats()
    
            if not self.engine.hide_parameters:
                self._log_info(
                    "[%s] %r",
                    stats,
                    sql_util._repr_params(
                        effective_parameters,
                        batches=10,
                        ismulti=context.executemany,
                    ),
                )
            else:
                self._log_info(
                    "[%s] [SQL parameters hidden due to hide_parameters=True]",
                    stats,
                )
    
        evt_handled: bool = False
        try:
            if context.execute_style is ExecuteStyle.EXECUTEMANY:
                effective_parameters = cast(
                    "_CoreMultiExecuteParams", effective_parameters
                )
                if self.dialect._has_events:
                    for fn in self.dialect.dispatch.do_executemany:
                        if fn(
                            cursor,
                            str_statement,
                            effective_parameters,
                            context,
                        ):
                            evt_handled = True
                            break
                if not evt_handled:
                    self.dialect.do_executemany(
                        cursor,
                        str_statement,
                        effective_parameters,
                        context,
                    )
            elif not effective_parameters and context.no_parameters:
                if self.dialect._has_events:
                    for fn in self.dialect.dispatch.do_execute_no_params:
                        if fn(cursor, str_statement, context):
                            evt_handled = True
                            break
                if not evt_handled:
                    self.dialect.do_execute_no_params(
                        cursor, str_statement, context
                    )
            else:
                effective_parameters = cast(
                    "_CoreSingleExecuteParams", effective_parameters
                )
                if self.dialect._has_events:
                    for fn in self.dialect.dispatch.do_execute:
                        if fn(
                            cursor,
                            str_statement,
                            effective_parameters,
                            context,
                        ):
                            evt_handled = True
                            break
                if not evt_handled:
>                   self.dialect.do_execute(
                        cursor, str_statement, effective_parameters, context
                    )

../../../.pyenv/versions/3.10.13/lib/python3.10/site-packages/sqlalchemy/engine/base.py:1967: 
_ _ _ _ _ _ _ _ _ _ _ _ _ _ _ _ _ _ _ _ _ _ _ _ _ _ _ _ _ _ _ _ _ _ _ _ _ _ _ _ 

self = <sqlalchemy.dialects.postgresql.psycopg2.PGDialect_psycopg2 object at 0x112ad9420>
cursor = <cursor object at 0x1199e9030; closed: -1>
statement = 'SELECT businesss.id AS businesss_id, businesss.business_id AS businesss_business_id, businesss.legal_name AS business...ted_at AS businesss_updated_at \nFROM businesss \nWHERE businesss.business_id = %(business_id_1)s \n LIMIT %(param_1)s'
parameters = {'business_id_1': 'SHAKTI_PRECISION_001', 'param_1': 1}
context = <sqlalchemy.dialects.postgresql.psycopg2.PGExecutionContext_psycopg2 object at 0x11a680af0>

    def do_execute(self, cursor, statement, parameters, context=None):
>       cursor.execute(statement, parameters)
E       psycopg2.errors.UndefinedTable: relation "businesss" does not exist
E       LINE 2: FROM businesss 
E                    ^

../../../.pyenv/versions/3.10.13/lib/python3.10/site-packages/sqlalchemy/engine/default.py:924: UndefinedTable

The above exception was the direct cause of the following exception:

    @pytest.fixture(scope="module", autouse=True)
    def setup_shakti_data():
        import urllib.parse
    
        db_url = os.environ.get("DATABASE_URL", str(engine.url))
        parsed_url = urllib.parse.urlparse(db_url)
        datname = parsed_url.path.lstrip("/")
        if "test" not in datname.lower():
            raise RuntimeError(
                f"Refusing to run tests against non-test database name: '{datname}'"
            )
        if os.environ.get("APP_ENV") == "production":
            raise RuntimeError("Refusing to run tests in production environment")
    
        # The password is provided via conftest.py
>       seed_shakti()

backend/tests/api/test_audit.py:34: 
_ _ _ _ _ _ _ _ _ _ _ _ _ _ _ _ _ _ _ _ _ _ _ _ _ _ _ _ _ _ _ _ _ _ _ _ _ _ _ _ 
backend/app/seed/seed_shakti.py:47: in seed_shakti
    .first()
../../../.pyenv/versions/3.10.13/lib/python3.10/site-packages/sqlalchemy/orm/query.py:2728: in first
    return self.limit(1)._iter().first()  # type: ignore
../../../.pyenv/versions/3.10.13/lib/python3.10/site-packages/sqlalchemy/orm/query.py:2827: in _iter
    result: Union[ScalarResult[_T], Result[_T]] = self.session.execute(
../../../.pyenv/versions/3.10.13/lib/python3.10/site-packages/sqlalchemy/orm/session.py:2351: in execute
    return self._execute_internal(
../../../.pyenv/versions/3.10.13/lib/python3.10/site-packages/sqlalchemy/orm/session.py:2236: in _execute_internal
    result: Result[Any] = compile_state_cls.orm_execute_statement(
../../../.pyenv/versions/3.10.13/lib/python3.10/site-packages/sqlalchemy/orm/context.py:293: in orm_execute_statement
    result = conn.execute(
../../../.pyenv/versions/3.10.13/lib/python3.10/site-packages/sqlalchemy/engine/base.py:1418: in execute
    return meth(
../../../.pyenv/versions/3.10.13/lib/python3.10/site-packages/sqlalchemy/sql/elements.py:515: in _execute_on_connection
    return connection._execute_clauseelement(
../../../.pyenv/versions/3.10.13/lib/python3.10/site-packages/sqlalchemy/engine/base.py:1640: in _execute_clauseelement
    ret = self._execute_context(
../../../.pyenv/versions/3.10.13/lib/python3.10/site-packages/sqlalchemy/engine/base.py:1846: in _execute_context
    return self._exec_single_context(
../../../.pyenv/versions/3.10.13/lib/python3.10/site-packages/sqlalchemy/engine/base.py:1986: in _exec_single_context
    self._handle_dbapi_exception(
../../../.pyenv/versions/3.10.13/lib/python3.10/site-packages/sqlalchemy/engine/base.py:2353: in _handle_dbapi_exception
    raise sqlalchemy_exception.with_traceback(exc_info[2]) from e
../../../.pyenv/versions/3.10.13/lib/python3.10/site-packages/sqlalchemy/engine/base.py:1967: in _exec_single_context
    self.dialect.do_execute(
_ _ _ _ _ _ _ _ _ _ _ _ _ _ _ _ _ _ _ _ _ _ _ _ _ _ _ _ _ _ _ _ _ _ _ _ _ _ _ _ 

self = <sqlalchemy.dialects.postgresql.psycopg2.PGDialect_psycopg2 object at 0x112ad9420>
cursor = <cursor object at 0x1199e9030; closed: -1>
statement = 'SELECT businesss.id AS businesss_id, businesss.business_id AS businesss_business_id, businesss.legal_name AS business...ted_at AS businesss_updated_at \nFROM businesss \nWHERE businesss.business_id = %(business_id_1)s \n LIMIT %(param_1)s'
parameters = {'business_id_1': 'SHAKTI_PRECISION_001', 'param_1': 1}
context = <sqlalchemy.dialects.postgresql.psycopg2.PGExecutionContext_psycopg2 object at 0x11a680af0>

    def do_execute(self, cursor, statement, parameters, context=None):
>       cursor.execute(statement, parameters)
E       sqlalchemy.exc.ProgrammingError: (psycopg2.errors.UndefinedTable) relation "businesss" does not exist
E       LINE 2: FROM businesss 
E                    ^
E       
E       [SQL: SELECT businesss.id AS businesss_id, businesss.business_id AS businesss_business_id, businesss.legal_name AS businesss_legal_name, businesss.sector AS businesss_sector, businesss.created_at AS businesss_created_at, businesss.updated_at AS businesss_updated_at 
E       FROM businesss 
E       WHERE businesss.business_id = %(business_id_1)s 
E        LIMIT %(param_1)s]
E       [parameters: {'business_id_1': 'SHAKTI_PRECISION_001', 'param_1': 1}]
E       (Background on this error at: https://sqlalche.me/e/20/f405)

../../../.pyenv/versions/3.10.13/lib/python3.10/site-packages/sqlalchemy/engine/default.py:924: ProgrammingError
______________ ERROR at setup of test_risk_admin_scope_isolation _______________

self = <sqlalchemy.engine.base.Connection object at 0x11a680160>
dialect = <sqlalchemy.dialects.postgresql.psycopg2.PGDialect_psycopg2 object at 0x112ad9420>
context = <sqlalchemy.dialects.postgresql.psycopg2.PGExecutionContext_psycopg2 object at 0x11a680af0>
statement = <sqlalchemy.dialects.postgresql.base.PGCompiler object at 0x11441abc0>
parameters = [{'business_id_1': 'SHAKTI_PRECISION_001', 'param_1': 1}]

    def _exec_single_context(
        self,
        dialect: Dialect,
        context: ExecutionContext,
        statement: Union[str, Compiled],
        parameters: Optional[_AnyMultiExecuteParams],
    ) -> CursorResult[Any]:
        """continue the _execute_context() method for a single DBAPI
        cursor.execute() or cursor.executemany() call.
    
        """
        if dialect.bind_typing is BindTyping.SETINPUTSIZES:
            generic_setinputsizes = context._prepare_set_input_sizes()
    
            if generic_setinputsizes:
                try:
                    dialect.do_set_input_sizes(
                        context.cursor, generic_setinputsizes, context
                    )
                except BaseException as e:
                    self._handle_dbapi_exception(
                        e, str(statement), parameters, None, context
                    )
    
        cursor, str_statement, parameters = (
            context.cursor,
            context.statement,
            context.parameters,
        )
    
        effective_parameters: Optional[_AnyExecuteParams]
    
        if not context.executemany:
            effective_parameters = parameters[0]
        else:
            effective_parameters = parameters
    
        if self._has_events or self.engine._has_events:
            for fn in self.dispatch.before_cursor_execute:
                str_statement, effective_parameters = fn(
                    self,
                    cursor,
                    str_statement,
                    effective_parameters,
                    context,
                    context.executemany,
                )
    
        if self._echo:
            self._log_info(str_statement)
    
            stats = context._get_cache_stats()
    
            if not self.engine.hide_parameters:
                self._log_info(
                    "[%s] %r",
                    stats,
                    sql_util._repr_params(
                        effective_parameters,
                        batches=10,
                        ismulti=context.executemany,
                    ),
                )
            else:
                self._log_info(
                    "[%s] [SQL parameters hidden due to hide_parameters=True]",
                    stats,
                )
    
        evt_handled: bool = False
        try:
            if context.execute_style is ExecuteStyle.EXECUTEMANY:
                effective_parameters = cast(
                    "_CoreMultiExecuteParams", effective_parameters
                )
                if self.dialect._has_events:
                    for fn in self.dialect.dispatch.do_executemany:
                        if fn(
                            cursor,
                            str_statement,
                            effective_parameters,
                            context,
                        ):
                            evt_handled = True
                            break
                if not evt_handled:
                    self.dialect.do_executemany(
                        cursor,
                        str_statement,
                        effective_parameters,
                        context,
                    )
            elif not effective_parameters and context.no_parameters:
                if self.dialect._has_events:
                    for fn in self.dialect.dispatch.do_execute_no_params:
                        if fn(cursor, str_statement, context):
                            evt_handled = True
                            break
                if not evt_handled:
                    self.dialect.do_execute_no_params(
                        cursor, str_statement, context
                    )
            else:
                effective_parameters = cast(
                    "_CoreSingleExecuteParams", effective_parameters
                )
                if self.dialect._has_events:
                    for fn in self.dialect.dispatch.do_execute:
                        if fn(
                            cursor,
                            str_statement,
                            effective_parameters,
                            context,
                        ):
                            evt_handled = True
                            break
                if not evt_handled:
>                   self.dialect.do_execute(
                        cursor, str_statement, effective_parameters, context
                    )

../../../.pyenv/versions/3.10.13/lib/python3.10/site-packages/sqlalchemy/engine/base.py:1967: 
_ _ _ _ _ _ _ _ _ _ _ _ _ _ _ _ _ _ _ _ _ _ _ _ _ _ _ _ _ _ _ _ _ _ _ _ _ _ _ _ 

self = <sqlalchemy.dialects.postgresql.psycopg2.PGDialect_psycopg2 object at 0x112ad9420>
cursor = <cursor object at 0x1199e9030; closed: -1>
statement = 'SELECT businesss.id AS businesss_id, businesss.business_id AS businesss_business_id, businesss.legal_name AS business...ted_at AS businesss_updated_at \nFROM businesss \nWHERE businesss.business_id = %(business_id_1)s \n LIMIT %(param_1)s'
parameters = {'business_id_1': 'SHAKTI_PRECISION_001', 'param_1': 1}
context = <sqlalchemy.dialects.postgresql.psycopg2.PGExecutionContext_psycopg2 object at 0x11a680af0>

    def do_execute(self, cursor, statement, parameters, context=None):
>       cursor.execute(statement, parameters)
E       psycopg2.errors.UndefinedTable: relation "businesss" does not exist
E       LINE 2: FROM businesss 
E                    ^

../../../.pyenv/versions/3.10.13/lib/python3.10/site-packages/sqlalchemy/engine/default.py:924: UndefinedTable

The above exception was the direct cause of the following exception:

    @pytest.fixture(scope="module", autouse=True)
    def setup_shakti_data():
        import urllib.parse
    
        db_url = os.environ.get("DATABASE_URL", str(engine.url))
        parsed_url = urllib.parse.urlparse(db_url)
        datname = parsed_url.path.lstrip("/")
        if "test" not in datname.lower():
            raise RuntimeError(
                f"Refusing to run tests against non-test database name: '{datname}'"
            )
        if os.environ.get("APP_ENV") == "production":
            raise RuntimeError("Refusing to run tests in production environment")
    
        # The password is provided via conftest.py
>       seed_shakti()

backend/tests/api/test_audit.py:34: 
_ _ _ _ _ _ _ _ _ _ _ _ _ _ _ _ _ _ _ _ _ _ _ _ _ _ _ _ _ _ _ _ _ _ _ _ _ _ _ _ 
backend/app/seed/seed_shakti.py:47: in seed_shakti
    .first()
../../../.pyenv/versions/3.10.13/lib/python3.10/site-packages/sqlalchemy/orm/query.py:2728: in first
    return self.limit(1)._iter().first()  # type: ignore
../../../.pyenv/versions/3.10.13/lib/python3.10/site-packages/sqlalchemy/orm/query.py:2827: in _iter
    result: Union[ScalarResult[_T], Result[_T]] = self.session.execute(
../../../.pyenv/versions/3.10.13/lib/python3.10/site-packages/sqlalchemy/orm/session.py:2351: in execute
    return self._execute_internal(
../../../.pyenv/versions/3.10.13/lib/python3.10/site-packages/sqlalchemy/orm/session.py:2236: in _execute_internal
    result: Result[Any] = compile_state_cls.orm_execute_statement(
../../../.pyenv/versions/3.10.13/lib/python3.10/site-packages/sqlalchemy/orm/context.py:293: in orm_execute_statement
    result = conn.execute(
../../../.pyenv/versions/3.10.13/lib/python3.10/site-packages/sqlalchemy/engine/base.py:1418: in execute
    return meth(
../../../.pyenv/versions/3.10.13/lib/python3.10/site-packages/sqlalchemy/sql/elements.py:515: in _execute_on_connection
    return connection._execute_clauseelement(
../../../.pyenv/versions/3.10.13/lib/python3.10/site-packages/sqlalchemy/engine/base.py:1640: in _execute_clauseelement
    ret = self._execute_context(
../../../.pyenv/versions/3.10.13/lib/python3.10/site-packages/sqlalchemy/engine/base.py:1846: in _execute_context
    return self._exec_single_context(
../../../.pyenv/versions/3.10.13/lib/python3.10/site-packages/sqlalchemy/engine/base.py:1986: in _exec_single_context
    self._handle_dbapi_exception(
../../../.pyenv/versions/3.10.13/lib/python3.10/site-packages/sqlalchemy/engine/base.py:2353: in _handle_dbapi_exception
    raise sqlalchemy_exception.with_traceback(exc_info[2]) from e
../../../.pyenv/versions/3.10.13/lib/python3.10/site-packages/sqlalchemy/engine/base.py:1967: in _exec_single_context
    self.dialect.do_execute(
_ _ _ _ _ _ _ _ _ _ _ _ _ _ _ _ _ _ _ _ _ _ _ _ _ _ _ _ _ _ _ _ _ _ _ _ _ _ _ _ 

self = <sqlalchemy.dialects.postgresql.psycopg2.PGDialect_psycopg2 object at 0x112ad9420>
cursor = <cursor object at 0x1199e9030; closed: -1>
statement = 'SELECT businesss.id AS businesss_id, businesss.business_id AS businesss_business_id, businesss.legal_name AS business...ted_at AS businesss_updated_at \nFROM businesss \nWHERE businesss.business_id = %(business_id_1)s \n LIMIT %(param_1)s'
parameters = {'business_id_1': 'SHAKTI_PRECISION_001', 'param_1': 1}
context = <sqlalchemy.dialects.postgresql.psycopg2.PGExecutionContext_psycopg2 object at 0x11a680af0>

    def do_execute(self, cursor, statement, parameters, context=None):
>       cursor.execute(statement, parameters)
E       sqlalchemy.exc.ProgrammingError: (psycopg2.errors.UndefinedTable) relation "businesss" does not exist
E       LINE 2: FROM businesss 
E                    ^
E       
E       [SQL: SELECT businesss.id AS businesss_id, businesss.business_id AS businesss_business_id, businesss.legal_name AS businesss_legal_name, businesss.sector AS businesss_sector, businesss.created_at AS businesss_created_at, businesss.updated_at AS businesss_updated_at 
E       FROM businesss 
E       WHERE businesss.business_id = %(business_id_1)s 
E        LIMIT %(param_1)s]
E       [parameters: {'business_id_1': 'SHAKTI_PRECISION_001', 'param_1': 1}]
E       (Background on this error at: https://sqlalche.me/e/20/f405)

../../../.pyenv/versions/3.10.13/lib/python3.10/site-packages/sqlalchemy/engine/default.py:924: ProgrammingError
________________ ERROR at setup of test_system_admin_exclusion _________________

self = <sqlalchemy.engine.base.Connection object at 0x11a680160>
dialect = <sqlalchemy.dialects.postgresql.psycopg2.PGDialect_psycopg2 object at 0x112ad9420>
context = <sqlalchemy.dialects.postgresql.psycopg2.PGExecutionContext_psycopg2 object at 0x11a680af0>
statement = <sqlalchemy.dialects.postgresql.base.PGCompiler object at 0x11441abc0>
parameters = [{'business_id_1': 'SHAKTI_PRECISION_001', 'param_1': 1}]

    def _exec_single_context(
        self,
        dialect: Dialect,
        context: ExecutionContext,
        statement: Union[str, Compiled],
        parameters: Optional[_AnyMultiExecuteParams],
    ) -> CursorResult[Any]:
        """continue the _execute_context() method for a single DBAPI
        cursor.execute() or cursor.executemany() call.
    
        """
        if dialect.bind_typing is BindTyping.SETINPUTSIZES:
            generic_setinputsizes = context._prepare_set_input_sizes()
    
            if generic_setinputsizes:
                try:
                    dialect.do_set_input_sizes(
                        context.cursor, generic_setinputsizes, context
                    )
                except BaseException as e:
                    self._handle_dbapi_exception(
                        e, str(statement), parameters, None, context
                    )
    
        cursor, str_statement, parameters = (
            context.cursor,
            context.statement,
            context.parameters,
        )
    
        effective_parameters: Optional[_AnyExecuteParams]
    
        if not context.executemany:
            effective_parameters = parameters[0]
        else:
            effective_parameters = parameters
    
        if self._has_events or self.engine._has_events:
            for fn in self.dispatch.before_cursor_execute:
                str_statement, effective_parameters = fn(
                    self,
                    cursor,
                    str_statement,
                    effective_parameters,
                    context,
                    context.executemany,
                )
    
        if self._echo:
            self._log_info(str_statement)
    
            stats = context._get_cache_stats()
    
            if not self.engine.hide_parameters:
                self._log_info(
                    "[%s] %r",
                    stats,
                    sql_util._repr_params(
                        effective_parameters,
                        batches=10,
                        ismulti=context.executemany,
                    ),
                )
            else:
                self._log_info(
                    "[%s] [SQL parameters hidden due to hide_parameters=True]",
                    stats,
                )
    
        evt_handled: bool = False
        try:
            if context.execute_style is ExecuteStyle.EXECUTEMANY:
                effective_parameters = cast(
                    "_CoreMultiExecuteParams", effective_parameters
                )
                if self.dialect._has_events:
                    for fn in self.dialect.dispatch.do_executemany:
                        if fn(
                            cursor,
                            str_statement,
                            effective_parameters,
                            context,
                        ):
                            evt_handled = True
                            break
                if not evt_handled:
                    self.dialect.do_executemany(
                        cursor,
[...]
    result = connection.execute(
../../../.pyenv/versions/3.10.13/lib/python3.10/site-packages/sqlalchemy/engine/base.py:1418: in execute
    return meth(
../../../.pyenv/versions/3.10.13/lib/python3.10/site-packages/sqlalchemy/sql/elements.py:515: in _execute_on_connection
    return connection._execute_clauseelement(
../../../.pyenv/versions/3.10.13/lib/python3.10/site-packages/sqlalchemy/engine/base.py:1640: in _execute_clauseelement
    ret = self._execute_context(
../../../.pyenv/versions/3.10.13/lib/python3.10/site-packages/sqlalchemy/engine/base.py:1846: in _execute_context
    return self._exec_single_context(
../../../.pyenv/versions/3.10.13/lib/python3.10/site-packages/sqlalchemy/engine/base.py:1986: in _exec_single_context
    self._handle_dbapi_exception(
../../../.pyenv/versions/3.10.13/lib/python3.10/site-packages/sqlalchemy/engine/base.py:2353: in _handle_dbapi_exception
    raise sqlalchemy_exception.with_traceback(exc_info[2]) from e
../../../.pyenv/versions/3.10.13/lib/python3.10/site-packages/sqlalchemy/engine/base.py:1967: in _exec_single_context
    self.dialect.do_execute(
_ _ _ _ _ _ _ _ _ _ _ _ _ _ _ _ _ _ _ _ _ _ _ _ _ _ _ _ _ _ _ _ _ _ _ _ _ _ _ _ 

self = <sqlalchemy.dialects.postgresql.psycopg2.PGDialect_psycopg2 object at 0x112ad9420>
cursor = <cursor object at 0x1199eb6a0; closed: -1>
statement = 'INSERT INTO businesss (id, business_id, legal_name, sector, created_at, updated_at) VALUES (%(id)s::UUID, %(business_id)s, %(legal_name)s, %(sector)s, %(created_at)s, %(updated_at)s)'
parameters = {'id': UUID('c885f0d9-6df7-4542-adcb-6b1a02633975'), 'business_id': 'SHAKTI_PRECISION_001', 'legal_name': 'Shakti Precision Components Pvt Ltd', 'sector': 'Manufacturing - Auto Ancillary', ...}
context = <sqlalchemy.dialects.postgresql.psycopg2.PGExecutionContext_psycopg2 object at 0x11a1d2bf0>

    def do_execute(self, cursor, statement, parameters, context=None):
>       cursor.execute(statement, parameters)
E       sqlalchemy.exc.IntegrityError: (psycopg2.errors.UniqueViolation) duplicate key value violates unique constraint "ix_businesss_business_id"
E       DETAIL:  Key (business_id)=(SHAKTI_PRECISION_001) already exists.
E       
E       [SQL: INSERT INTO businesss (id, business_id, legal_name, sector, created_at, updated_at) VALUES (%(id)s::UUID, %(business_id)s, %(legal_name)s, %(sector)s, %(created_at)s, %(updated_at)s)]
E       [parameters: {'id': UUID('c885f0d9-6df7-4542-adcb-6b1a02633975'), 'business_id': 'SHAKTI_PRECISION_001', 'legal_name': 'Shakti Precision Components Pvt Ltd', 'sector': 'Manufacturing - Auto Ancillary', 'created_at': datetime.datetime(2026, 7, 13, 18, 47, 46, 384561, tzinfo=datetime.timezone.utc), 'updated_at': datetime.datetime(2026, 7, 13, 18, 47, 46, 384569, tzinfo=datetime.timezone.utc)}]
E       (Background on this error at: https://sqlalche.me/e/20/gkpj)

../../../.pyenv/versions/3.10.13/lib/python3.10/site-packages/sqlalchemy/engine/default.py:924: IntegrityError
=================================== FAILURES ===================================
________________________ test_bankability_path_success _________________________

client = <starlette.testclient.TestClient object at 0x114501630>
db = <sqlalchemy.orm.session.Session object at 0x1145026e0>

    def test_bankability_path_success(client: TestClient, db):
        business = (
            db.query(Business)
            .filter(Business.business_id == "SHAKTI_PRECISION_001")
            .first()
        )
        assert business is not None and len(business.cases) > 0
        shakti_case = business.cases[0]
    
>       auth_kwargs = get_auth_kwargs(client, "credit@bank.example")

backend/tests/api/test_api_bankability_path.py:70: 
_ _ _ _ _ _ _ _ _ _ _ _ _ _ _ _ _ _ _ _ _ _ _ _ _ _ _ _ _ _ _ _ _ _ _ _ _ _ _ _ 

client = <starlette.testclient.TestClient object at 0x114501630>
email = 'credit@bank.example'

    def get_auth_kwargs(client: TestClient, email: str):
        password = os.environ.get("DEMO_USER_PASSWORD", "testpassword123")
        response = client.post(
            "/api/auth/login",
            json={"email": email, "password": password},
        )
>       assert response.status_code == 200, f"Failed to login {email}: {response.text}"
E       AssertionError: Failed to login credit@bank.example: {"detail":"Invalid email or password"}
E       assert 401 == 200
E        +  where 401 = <Response [401 Unauthorized]>.status_code

backend/tests/api/test_api_bankability_path.py:52: AssertionError
---------------------------- Captured stdout setup -----------------------------
✅ Successfully seeded Shakti Precision Components (ID: d581313a-3af6-4025-9a5d-f86755cf6ea6) and its case.
______________________ test_bankability_path_bola_denial _______________________

client = <starlette.testclient.TestClient object at 0x11444d000>
db = <sqlalchemy.orm.session.Session object at 0x11444d0f0>

    def test_bankability_path_bola_denial(client: TestClient, db):
        business = (
            db.query(Business)
            .filter(Business.business_id == "SHAKTI_PRECISION_001")
            .first()
        )
        assert business is not None and len(business.cases) > 0
        shakti_case = business.cases[0]
    
>       auth_kwargs = get_auth_kwargs(client, "system@bank.example")

backend/tests/api/test_api_bankability_path.py:100: 
_ _ _ _ _ _ _ _ _ _ _ _ _ _ _ _ _ _ _ _ _ _ _ _ _ _ _ _ _ _ _ _ _ _ _ _ _ _ _ _ 

client = <starlette.testclient.TestClient object at 0x11444d000>
email = 'system@bank.example'

    def get_auth_kwargs(client: TestClient, email: str):
        password = os.environ.get("DEMO_USER_PASSWORD", "testpassword123")
        response = client.post(
            "/api/auth/login",
            json={"email": email, "password": password},
        )
>       assert response.status_code == 200, f"Failed to login {email}: {response.text}"
E       AssertionError: Failed to login system@bank.example: {"detail":"Invalid email or password"}
E       assert 401 == 200
E        +  where 401 = <Response [401 Unauthorized]>.status_code

backend/tests/api/test_api_bankability_path.py:52: AssertionError
________________________ test_bankability_simulate_api _________________________

client = <starlette.testclient.TestClient object at 0x119836620>
db = <sqlalchemy.orm.session.Session object at 0x119836650>

    def test_bankability_simulate_api(client: TestClient, db):
        business = (
            db.query(Business)
            .filter(Business.business_id == "SHAKTI_PRECISION_001")
            .first()
        )
        assert business is not None and len(business.cases) > 0
        shakti_case = business.cases[0]
    
>       auth_kwargs = get_auth_kwargs(client, "credit@bank.example")

backend/tests/api/test_api_bankability_path.py:118: 
_ _ _ _ _ _ _ _ _ _ _ _ _ _ _ _ _ _ _ _ _ _ _ _ _ _ _ _ _ _ _ _ _ _ _ _ _ _ _ _ 

client = <starlette.testclient.TestClient object at 0x119836620>
email = 'credit@bank.example'

    def get_auth_kwargs(client: TestClient, email: str):
        password = os.environ.get("DEMO_USER_PASSWORD", "testpassword123")
        response = client.post(
            "/api/auth/login",
            json={"email": email, "password": password},
        )
>       assert response.status_code == 200, f"Failed to login {email}: {response.text}"
E       AssertionError: Failed to login credit@bank.example: {"detail":"Invalid email or password"}
E       assert 401 == 200
E        +  where 401 = <Response [401 Unauthorized]>.status_code

backend/tests/api/test_api_bankability_path.py:52: AssertionError
____________________________ test_get_gst_evidence _____________________________

client = <starlette.testclient.TestClient object at 0x1199a8130>
case_id = UUID('b81934a8-4071-43e2-986f-82a600396284')

    def test_get_gst_evidence(client, case_id):
>       ca_auth = get_auth_headers(client, "credit@bank.example")

backend/tests/api/test_api_evidence.py:72: 
_ _ _ _ _ _ _ _ _ _ _ _ _ _ _ _ _ _ _ _ _ _ _ _ _ _ _ _ _ _ _ _ _ _ _ _ _ _ _ _ 

client = <starlette.testclient.TestClient object at 0x1199a8130>
email = 'credit@bank.example'

    def get_auth_headers(client: TestClient, email: str):
        password = os.environ.get("DEMO_USER_PASSWORD")
        response = client.post(
            "/api/auth/login",
            json={"email": email, "password": password},
        )
>       assert response.status_code == 200
E       assert 401 == 200
E        +  where 401 = <Response [401 Unauthorized]>.status_code

backend/tests/api/test_api_evidence.py:48: AssertionError
---------------------------- Captured stdout setup -----------------------------
✅ Successfully seeded Shakti Precision Components (ID: e35de1f3-4957-49f1-8910-451bd7ba74c6) and its case.
____________________________ test_get_bank_evidence ____________________________

client = <starlette.testclient.TestClient object at 0x114608790>
case_id = UUID('b81934a8-4071-43e2-986f-82a600396284')

    def test_get_bank_evidence(client, case_id):
>       ca_auth = get_auth_headers(client, "credit@bank.example")

backend/tests/api/test_api_evidence.py:92: 
_ _ _ _ _ _ _ _ _ _ _ _ _ _ _ _ _ _ _ _ _ _ _ _ _ _ _ _ _ _ _ _ _ _ _ _ _ _ _ _ 

client = <starlette.testclient.TestClient object at 0x114608790>
email = 'credit@bank.example'

    def get_auth_headers(client: TestClient, email: str):
        password = os.environ.get("DEMO_USER_PASSWORD")
        response = client.post(
            "/api/auth/login",
            json={"email": email, "password": password},
        )
>       assert response.status_code == 200
E       assert 401 == 200
E        +  where 401 = <Response [401 Unauthorized]>.status_code

backend/tests/api/test_api_evidence.py:48: AssertionError
__________________________ test_get_invoice_evidence ___________________________

client = <starlette.testclient.TestClient object at 0x114608ee0>
case_id = UUID('b81934a8-4071-43e2-986f-82a600396284')

    def test_get_invoice_evidence(client, case_id):
>       ca_auth = get_auth_headers(client, "credit@bank.example")

backend/tests/api/test_api_evidence.py:105: 
_ _ _ _ _ _ _ _ _ _ _ _ _ _ _ _ _ _ _ _ _ _ _ _ _ _ _ _ _ _ _ _ _ _ _ _ _ _ _ _ 

client = <starlette.testclient.TestClient object at 0x114608ee0>
email = 'credit@bank.example'

    def get_auth_headers(client: TestClient, email: str):
        password = os.environ.get("DEMO_USER_PASSWORD")
        response = client.post(
            "/api/auth/login",
            json={"email": email, "password": password},
        )
>       assert response.status_code == 200
E       assert 401 == 200
E        +  where 401 = <Response [401 Unauthorized]>.status_code

backend/tests/api/test_api_evidence.py:48: AssertionError
_________________________ test_get_employment_evidence _________________________

client = <starlette.testclient.TestClient object at 0x11993a260>
case_id = UUID('b81934a8-4071-43e2-986f-82a600396284')

    def test_get_employment_evidence(client, case_id):
>       ca_auth = get_auth_headers(client, "credit@bank.example")

backend/tests/api/test_api_evidence.py:118: 
_ _ _ _ _ _ _ _ _ _ _ _ _ _ _ _ _ _ _ _ _ _ _ _ _ _ _ _ _ _ _ _ _ _ _ _ _ _ _ _ 

client = <starlette.testclient.TestClient object at 0x11993a260>
email = 'credit@bank.example'

    def get_auth_headers(client: TestClient, email: str):
        password = os.environ.get("DEMO_USER_PASSWORD")
        response = client.post(
            "/api/auth/login",
            json={"email": email, "password": password},
        )
>       assert response.status_code == 200
E       assert 401 == 200
E        +  where 401 = <Response [401 Unauthorized]>.status_code

backend/tests/api/test_api_evidence.py:48: AssertionError
_________________________ test_get_obligation_evidence _________________________

client = <starlette.testclient.TestClient object at 0x11993bd60>
case_id = UUID('b81934a8-4071-43e2-986f-82a600396284')

    def test_get_obligation_evidence(client, case_id):
>       ca_auth = get_auth_headers(client, "credit@bank.example")

backend/tests/api/test_api_evidence.py:131: 
_ _ _ _ _ _ _ _ _ _ _ _ _ _ _ _ _ _ _ _ _ _ _ _ _ _ _ _ _ _ _ _ _ _ _ _ _ _ _ _ 

client = <starlette.testclient.TestClient object at 0x11993bd60>
email = 'credit@bank.example'

    def get_auth_headers(client: TestClient, email: str):
        password = os.environ.get("DEMO_USER_PASSWORD")
        response = client.post(
            "/api/auth/login",
            json={"email": email, "password": password},
        )
>       assert response.status_code == 200
E       assert 401 == 200
E        +  where 401 = <Response [401 Unauthorized]>.status_code

backend/tests/api/test_api_evidence.py:48: AssertionError
______________________ test_get_credit_twin_no_hardcodes _______________________

client = <starlette.testclient.TestClient object at 0x1199cf010>
case_id = UUID('b81934a8-4071-43e2-986f-82a600396284')

    def test_get_credit_twin_no_hardcodes(client, case_id):
>       ca_auth = get_auth_headers(client, "credit@bank.example")

backend/tests/api/test_api_evidence.py:146: 
_ _ _ _ _ _ _ _ _ _ _ _ _ _ _ _ _ _ _ _ _ _ _ _ _ _ _ _ _ _ _ _ _ _ _ _ _ _ _ _ 

client = <starlette.testclient.TestClient object at 0x1199cf010>
email = 'credit@bank.example'

    def get_auth_headers(client: TestClient, email: str):
        password = os.environ.get("DEMO_USER_PASSWORD")
        response = client.post(
            "/api/auth/login",
            json={"email": email, "password": password},
        )
>       assert response.status_code == 200
E       assert 401 == 200
E        +  where 401 = <Response [401 Unauthorized]>.status_code

backend/tests/api/test_api_evidence.py:48: AssertionError
___________________ test_get_reconciliation_missing_evidence ___________________

client = <starlette.testclient.TestClient object at 0x1199d2ef0>
case_id = UUID('b81934a8-4071-43e2-986f-82a600396284')

    def test_get_reconciliation_missing_evidence(client, case_id):
>       ca_auth = get_auth_headers(client, "credit@bank.example")

backend/tests/api/test_api_evidence.py:160: 
_ _ _ _ _ _ _ _ _ _ _ _ _ _ _ _ _ _ _ _ _ _ _ _ _ _ _ _ _ _ _ _ _ _ _ _ _ _ _ _ 

client = <starlette.testclient.TestClient object at 0x1199d2ef0>
email = 'credit@bank.example'

    def get_auth_headers(client: TestClient, email: str):
        password = os.environ.get("DEMO_USER_PASSWORD")
        response = client.post(
            "/api/auth/login",
            json={"email": email, "password": password},
        )
>       assert response.status_code == 200
E       assert 401 == 200
E        +  where 401 = <Response [401 Unauthorized]>.status_code

backend/tests/api/test_api_evidence.py:48: AssertionError
____________________ test_bola_system_admin_denial_evidence ____________________

client = <starlette.testclient.TestClient object at 0x119973c40>
case_id = UUID('b81934a8-4071-43e2-986f-82a600396284')

    def test_bola_system_admin_denial_evidence(client, case_id):
        # System Admin cannot view evidence
>       sa_auth = get_auth_headers(client, "system@bank.example")

backend/tests/api/test_api_evidence.py:230: 
_ _ _ _ _ _ _ _ _ _ _ _ _ _ _ _ _ _ _ _ _ _ _ _ _ _ _ _ _ _ _ _ _ _ _ _ _ _ _ _ 

client = <starlette.testclient.TestClient object at 0x119973c40>
email = 'system@bank.example'

    def get_auth_headers(client: TestClient, email: str):
        password = os.environ.get("DEMO_USER_PASSWORD")
        response = client.post(
            "/api/auth/login",
            json={"email": email, "password": password},
        )
>       assert response.status_code == 200
E       assert 401 == 200
E        +  where 401 = <Response [401 Unauthorized]>.status_code

backend/tests/api/test_api_evidence.py:48: AssertionError
=============================== warnings summary ===============================
../../../.pyenv/versions/3.10.13/lib/python3.10/site-packages/fastapi/testclient.py:1
  /Users/tzar/.pyenv/versions/3.10.13/lib/python3.10/site-packages/fastapi/testclient.py:1: StarletteDeprecationWarning: Using `httpx` with `starlette.testclient` is deprecated; install `httpx2` instead.
    from starlette.testclient import TestClient as TestClient  # noqa

tests/api/test_api_bankability_path.py::test_bankability_path_success
  /Users/tzar/.pyenv/versions/3.10.13/lib/python3.10/site-packages/passlib/handlers/argon2.py:716: DeprecationWarning: Accessing argon2.__version__ is deprecated and will be removed in a future release. Use importlib.metadata directly to query for argon2-cffi's packaging metadata.
    _argon2_cffi.__version__, max_version)

tests/api/test_api_bola.py: 7 warnings
tests/api/test_api_idempotency.py: 5 warnings
tests/api/test_browser_config.py: 1 warning
tests/api/test_dashboard_counts.py: 1 warning
tests/api/test_human_decision.py: 2 warnings
tests/api/test_security.py: 7 warnings
  /Users/tzar/.pyenv/versions/3.10.13/lib/python3.10/site-packages/starlette/testclient.py:454: DeprecationWarning: Setting per-request cookies=<...> is being deprecated, because the expected behaviour on cookie persistence is ambiguous. Set cookies directly on the client instance instead.
    return super().request(

tests/api/test_api_stress_lab.py::test_stress_lab_success
tests/api/test_e2e_shakti.py::test_shakti_end_to_end
  /Users/tzar/Desktop/Idbi/vyapar-pulse-starter/backend/app/seed/seed_shakti.py:96: SAWarning: DELETE statement on table 'businesss' expected to delete 1 row(s); 0 were matched.  Please set confirm_deleted_rows=False within the mapper configuration to prevent this warning.
    db.flush()

-- Docs: https://docs.pytest.org/en/stable/how-to/capture-warnings.html
=========================== short test summary info ============================
FAILED backend/tests/api/test_api_bankability_path.py::test_bankability_path_success
FAILED backend/tests/api/test_api_bankability_path.py::test_bankability_path_bola_denial
FAILED backend/tests/api/test_api_bankability_path.py::test_bankability_simulate_api
FAILED backend/tests/api/test_api_evidence.py::test_get_gst_evidence - assert...
FAILED backend/tests/api/test_api_evidence.py::test_get_bank_evidence - asser...
FAILED backend/tests/api/test_api_evidence.py::test_get_invoice_evidence - as...
FAILED backend/tests/api/test_api_evidence.py::test_get_employment_evidence
FAILED backend/tests/api/test_api_evidence.py::test_get_obligation_evidence
FAILED backend/tests/api/test_api_evidence.py::test_get_credit_twin_no_hardcodes
FAILED backend/tests/api/test_api_evidence.py::test_get_reconciliation_missing_evidence
FAILED backend/tests/api/test_api_evidence.py::test_bola_system_admin_denial_evidence
ERROR backend/tests/api/test_api_stress_lab.py::test_stress_lab_success - sql...
ERROR backend/tests/api/test_api_stress_lab.py::test_stress_lab_bola_denial
ERROR backend/tests/api/test_api_stress_lab.py::test_stress_lab_unknown_obligations_not_assessable
ERROR backend/tests/api/test_audit.py::test_auditor_branch_isolation - sqlalc...
ERROR backend/tests/api/test_audit.py::test_rm_unassigned_case_denial - sqlal...
ERROR backend/tests/api/test_audit.py::test_risk_admin_scope_isolation - sqla...
ERROR backend/tests/api/test_audit.py::test_system_admin_exclusion - sqlalche...
ERROR backend/tests/api/test_audit.py::test_audit_pagination_and_ordering - s...
ERROR backend/tests/api/test_audit.py::test_audit_portfolio_exact_response_keys
ERROR backend/tests/api/test_auth.py::test_auth_valid_session_and_exact_keys
ERROR backend/tests/api/test_auth.py::test_auth_missing_session - sqlalchemy....
ERROR backend/tests/api/test_auth.py::test_auth_expired_session - sqlalchemy....
ERROR backend/tests/api/test_auth.py::test_auth_revoked_session - sqlalchemy....
ERROR backend/tests/api/test_auth.py::test_second_login_invalidates_first - s...
ERROR backend/tests/api/test_e2e_shakti.py::test_shakti_end_to_end - sqlalche...
ERROR backend/tests/api/test_e2e_shakti.py::test_concurrent_idempotency - sql...
============ 11 failed, 84 passed, 27 warnings, 16 errors in 49.48s ============
